[1121/194100.902:ERROR:crash_report_database_win.cc(428)] unexpected header
[1123/204023.582:ERROR:crash_report_database_win.cc(428)] unexpected header
[1202/003340.307:ERROR:crash_report_database_win.cc(428)] unexpected header
[1202/213237.805:ERROR:crash_report_database_win.cc(428)] unexpected header
[1202/214237.805:ERROR:crash_report_database_win.cc(428)] unexpected header
[1202/214237.806:ERROR:crash_report_database_win.cc(428)] unexpected header
[1202/214737.806:ERROR:crash_report_database_win.cc(428)] unexpected header
[1202/220237.807:ERROR:crash_report_database_win.cc(428)] unexpected header
[1202/221737.807:ERROR:crash_report_database_win.cc(428)] unexpected header
[1202/222420.278:ERROR:crash_report_database_win.cc(428)] unexpected header
[1204/135118.923:ERROR:crash_report_database_win.cc(469)] failed to stat report
[1204/140118.922:ERROR:crash_report_database_win.cc(469)] failed to stat report
[1204/140118.923:ERROR:crash_report_database_win.cc(469)] failed to stat report
[1204/140618.940:ERROR:crash_report_database_win.cc(469)] failed to stat report
[1204/142007.381:ERROR:crash_report_database_win.cc(469)] failed to stat report
[1204/142118.941:ERROR:crash_report_database_win.cc(469)] failed to stat report
[1204/143618.942:ERROR:crash_report_database_win.cc(469)] failed to stat report
[1204/145118.943:ERROR:crash_report_database_win.cc(469)] failed to stat report
[1204/150618.944:ERROR:crash_report_database_win.cc(469)] failed to stat report
[1204/152118.944:ERROR:crash_report_database_win.cc(469)] failed to stat report
[1204/153618.944:ERROR:crash_report_database_win.cc(469)] failed to stat report
[1204/155118.944:ERROR:crash_report_database_win.cc(469)] failed to stat report
[1204/160618.945:ERROR:crash_report_database_win.cc(469)] failed to stat report
[1204/162118.946:ERROR:crash_report_database_win.cc(469)] failed to stat report
[1204/163618.947:ERROR:crash_report_database_win.cc(469)] failed to stat report
[1204/165118.947:ERROR:crash_report_database_win.cc(469)] failed to stat report
[1204/170618.947:ERROR:crash_report_database_win.cc(469)] failed to stat report
[1204/172118.948:ERROR:crash_report_database_win.cc(469)] failed to stat report
[1204/173618.949:ERROR:crash_report_database_win.cc(469)] failed to stat report
[1204/175118.949:ERROR:crash_report_database_win.cc(469)] failed to stat report
[1204/180618.950:ERROR:crash_report_database_win.cc(469)] failed to stat report
[1204/182118.951:ERROR:crash_report_database_win.cc(469)] failed to stat report
[1204/183618.951:ERROR:crash_report_database_win.cc(469)] failed to stat report
[1204/185118.951:ERROR:crash_report_database_win.cc(469)] failed to stat report
[1204/190618.952:ERROR:crash_report_database_win.cc(469)] failed to stat report
[1204/192118.954:ERROR:crash_report_database_win.cc(469)] failed to stat report
[1204/193618.954:ERROR:crash_report_database_win.cc(469)] failed to stat report
[1204/195118.955:ERROR:crash_report_database_win.cc(469)] failed to stat report
[1204/200226.213:ERROR:crash_report_database_win.cc(469)] failed to stat report
[1204/200618.956:ERROR:crash_report_database_win.cc(469)] failed to stat report
[1204/203136.553:ERROR:crash_report_database_win.cc(469)] failed to stat report
[1204/204136.553:ERROR:crash_report_database_win.cc(469)] failed to stat report
[1204/204136.553:ERROR:crash_report_database_win.cc(469)] failed to stat report
[1204/204636.553:ERROR:crash_report_database_win.cc(469)] failed to stat report
[1204/210136.553:ERROR:crash_report_database_win.cc(469)] failed to stat report
[1204/211636.555:ERROR:crash_report_database_win.cc(469)] failed to stat report
[1204/213136.557:ERROR:crash_report_database_win.cc(469)] failed to stat report
[1204/214636.558:ERROR:crash_report_database_win.cc(469)] failed to stat report
[1206/154130.123:ERROR:crash_report_database_win.cc(469)] failed to stat report
[1206/155130.123:ERROR:crash_report_database_win.cc(469)] failed to stat report
[1206/155130.124:ERROR:crash_report_database_win.cc(469)] failed to stat report
[1206/155630.128:ERROR:crash_report_database_win.cc(469)] failed to stat report
[1206/161130.128:ERROR:crash_report_database_win.cc(469)] failed to stat report
[1206/162630.130:ERROR:crash_report_database_win.cc(469)] failed to stat report
[1206/164130.130:ERROR:crash_report_database_win.cc(469)] failed to stat report
[1206/165630.131:ERROR:crash_report_database_win.cc(469)] failed to stat report
[1206/192351.267:ERROR:crash_report_database_win.cc(469)] failed to stat report
[1211/181345.693:ERROR:crash_report_database_win.cc(469)] failed to stat report
[1211/182345.693:ERROR:crash_report_database_win.cc(469)] failed to stat report
[1211/182345.693:ERROR:crash_report_database_win.cc(469)] failed to stat report
[1211/182845.707:ERROR:crash_report_database_win.cc(469)] failed to stat report
[1211/184345.707:ERROR:crash_report_database_win.cc(469)] failed to stat report
[1211/185845.708:ERROR:crash_report_database_win.cc(469)] failed to stat report
[1211/191345.708:ERROR:crash_report_database_win.cc(469)] failed to stat report
[1211/192506.107:ERROR:crash_report_database_win.cc(469)] failed to stat report
[1211/192845.710:ERROR:crash_report_database_win.cc(469)] failed to stat report
[1211/194345.710:ERROR:crash_report_database_win.cc(469)] failed to stat report
[1211/195845.711:ERROR:crash_report_database_win.cc(469)] failed to stat report
[1211/201345.711:ERROR:crash_report_database_win.cc(469)] failed to stat report
[1211/202845.712:ERROR:crash_report_database_win.cc(469)] failed to stat report
[1211/204345.713:ERROR:crash_report_database_win.cc(469)] failed to stat report
[1211/205845.714:ERROR:crash_report_database_win.cc(469)] failed to stat report
[1211/211345.714:ERROR:crash_report_database_win.cc(469)] failed to stat report
[1211/212845.715:ERROR:crash_report_database_win.cc(469)] failed to stat report
[1211/214345.716:ERROR:crash_report_database_win.cc(469)] failed to stat report
[1211/215845.716:ERROR:crash_report_database_win.cc(469)] failed to stat report
[1211/221345.717:ERROR:crash_report_database_win.cc(469)] failed to stat report
[1211/222845.717:ERROR:crash_report_database_win.cc(469)] failed to stat report
[1211/224345.717:ERROR:crash_report_database_win.cc(469)] failed to stat report
[1211/225736.895:ERROR:crash_report_database_win.cc(469)] failed to stat report
[1211/231216.665:ERROR:crash_report_database_win.cc(469)] failed to stat report
[1212/131047.851:ERROR:crash_report_database_win.cc(469)] failed to stat report
[1212/131816.538:ERROR:crash_report_database_win.cc(469)] failed to stat report
[1212/132047.851:ERROR:crash_report_database_win.cc(469)] failed to stat report
[1212/132047.851:ERROR:crash_report_database_win.cc(469)] failed to stat report
[1212/132547.851:ERROR:crash_report_database_win.cc(469)] failed to stat report
[1212/134049.424:ERROR:crash_report_database_win.cc(469)] failed to stat report
[1212/135549.424:ERROR:crash_report_database_win.cc(469)] failed to stat report
[1212/141049.425:ERROR:crash_report_database_win.cc(469)] failed to stat report
[1212/142549.426:ERROR:crash_report_database_win.cc(469)] failed to stat report
[1212/144049.427:ERROR:crash_report_database_win.cc(469)] failed to stat report
[1212/145549.427:ERROR:crash_report_database_win.cc(469)] failed to stat report
[1212/151049.427:ERROR:crash_report_database_win.cc(469)] failed to stat report
[1212/152549.428:ERROR:crash_report_database_win.cc(469)] failed to stat report
[1212/154049.429:ERROR:crash_report_database_win.cc(469)] failed to stat report
[1212/155549.429:ERROR:crash_report_database_win.cc(469)] failed to stat report
[1212/161049.430:ERROR:crash_report_database_win.cc(469)] failed to stat report
[1212/162549.431:ERROR:crash_report_database_win.cc(469)] failed to stat report
[1212/164049.431:ERROR:crash_report_database_win.cc(469)] failed to stat report
[1212/165549.432:ERROR:crash_report_database_win.cc(469)] failed to stat report
[1212/171049.432:ERROR:crash_report_database_win.cc(469)] failed to stat report
[1212/185945.525:ERROR:crash_report_database_win.cc(469)] failed to stat report
[1213/161302.353:ERROR:crash_report_database_win.cc(469)] failed to stat report
[1213/162302.353:ERROR:crash_report_database_win.cc(469)] failed to stat report
[1213/162302.354:ERROR:crash_report_database_win.cc(469)] failed to stat report
[1213/162802.354:ERROR:crash_report_database_win.cc(469)] failed to stat report
[1213/164302.355:ERROR:crash_report_database_win.cc(469)] failed to stat report
[1216/164554.618:ERROR:crash_report_database_win.cc(469)] failed to stat report
[1216/164700.075:ERROR:crash_report_database_win.cc(469)] failed to stat report
[1216/211029.488:ERROR:crash_report_database_win.cc(469)] failed to stat report
[1216/211121.518:ERROR:crash_report_database_win.cc(469)] failed to stat report
[1216/220726.852:ERROR:crash_report_database_win.cc(469)] failed to stat report
[1216/221726.853:ERROR:crash_report_database_win.cc(469)] failed to stat report
[1216/221726.854:ERROR:crash_report_database_win.cc(469)] failed to stat report
[1216/222226.854:ERROR:crash_report_database_win.cc(469)] failed to stat report
[1216/223726.854:ERROR:crash_report_database_win.cc(469)] failed to stat report
[1216/225226.854:ERROR:crash_report_database_win.cc(469)] failed to stat report
[1217/135943.413:ERROR:crash_report_database_win.cc(469)] failed to stat report
[1217/140413.751:ERROR:crash_report_database_win.cc(469)] failed to stat report
[1217/152543.927:ERROR:crash_report_database_win.cc(469)] failed to stat report
[1217/160249.255:ERROR:crash_report_database_win.cc(469)] failed to stat report
[1217/160713.178:ERROR:crash_report_database_win.cc(469)] failed to stat report
[1217/162822.859:ERROR:crash_report_database_win.cc(469)] failed to stat report
[1217/163306.840:ERROR:crash_report_database_win.cc(469)] failed to stat report
[1218/142654.086:ERROR:crash_report_database_win.cc(469)] failed to stat report
[1218/153040.023:ERROR:crash_report_database_win.cc(469)] failed to stat report
[1218/153457.091:ERROR:crash_report_database_win.cc(469)] failed to stat report
[1218/223529.857:ERROR:crash_report_database_win.cc(469)] failed to stat report
[1218/224529.857:ERROR:crash_report_database_win.cc(469)] failed to stat report
[1218/224529.858:ERROR:crash_report_database_win.cc(469)] failed to stat report
[1218/225029.871:ERROR:crash_report_database_win.cc(469)] failed to stat report
[1218/230529.874:ERROR:crash_report_database_win.cc(469)] failed to stat report
[1218/232029.875:ERROR:crash_report_database_win.cc(469)] failed to stat report
[1218/233529.875:ERROR:crash_report_database_win.cc(469)] failed to stat report
[1218/235421.014:ERROR:crash_report_database_win.cc(469)] failed to stat report
[1219/000353.159:ERROR:crash_report_database_win.cc(469)] failed to stat report
[1219/001353.158:ERROR:crash_report_database_win.cc(469)] failed to stat report
[1219/001353.159:ERROR:crash_report_database_win.cc(469)] failed to stat report
[1219/001853.161:ERROR:crash_report_database_win.cc(469)] failed to stat report
[1219/003353.162:ERROR:crash_report_database_win.cc(469)] failed to stat report
[1219/004853.162:ERROR:crash_report_database_win.cc(469)] failed to stat report
[1219/010353.163:ERROR:crash_report_database_win.cc(469)] failed to stat report
[1219/011853.164:ERROR:crash_report_database_win.cc(469)] failed to stat report
[1219/013353.164:ERROR:crash_report_database_win.cc(469)] failed to stat report
[1219/014853.165:ERROR:crash_report_database_win.cc(469)] failed to stat report
[1219/020353.166:ERROR:crash_report_database_win.cc(469)] failed to stat report
[1219/021853.167:ERROR:crash_report_database_win.cc(469)] failed to stat report
[1219/023353.168:ERROR:crash_report_database_win.cc(469)] failed to stat report
[1219/024729.572:ERROR:crash_report_database_win.cc(469)] failed to stat report
[1219/025729.572:ERROR:crash_report_database_win.cc(469)] failed to stat report
[1219/025729.573:ERROR:crash_report_database_win.cc(469)] failed to stat report
[1219/030229.575:ERROR:crash_report_database_win.cc(469)] failed to stat report
[1219/031729.576:ERROR:crash_report_database_win.cc(469)] failed to stat report
[1219/033217.296:ERROR:process_memory_win.cc(73)] ReadMemory at 0x7ffec9dd4ab0 of 45 bytes failed: Error (0x3AFC) while retrieving error. (0x12B)
[1219/033217.296:WARNING:pe_image_reader.cc(191)] could not read debug directory from C:\WINDOWS\System32\bcryptPrimitives.dll
[1219/033217.298:ERROR:process_memory_win.cc(73)] ReadMemory at 0x7ffecb59a300 of 36 bytes failed: Error (0x3B01) while retrieving error. (0x12B)
[1219/033217.298:WARNING:pe_image_reader.cc(191)] could not read debug directory from C:\WINDOWS\System32\clbcatq.dll
[1219/033217.299:ERROR:process_memory_win.cc(73)] ReadMemory at 0x7ffebfdfe250 of 28 bytes failed: Error (0x3B01) while retrieving error. (0x12B)
[1219/033217.299:WARNING:pe_image_reader.cc(171)] could not read data directory from C:\Windows\System32\InputHost.dll
[1219/033217.302:ERROR:process_memory_win.cc(73)] ReadMemory at 0x7ffec988f650 of 35 bytes failed: Error (0x3B01) while retrieving error. (0x12B)
[1219/033217.302:WARNING:pe_image_reader.cc(191)] could not read debug directory from C:\WINDOWS\System32\DEVOBJ.dll
[1219/033217.303:ERROR:process_memory_win.cc(73)] ReadMemory at 0x7ffeba1ac000 of 26 bytes failed: Error (0x3B01) while retrieving error. (0x12B)
[1219/033217.303:WARNING:pe_image_reader.cc(191)] could not read debug directory from C:\Windows\System32\FWPolicyIOMgr.dll
[1219/033217.307:ERROR:file_io_win.cc(161)] CreateFile C:\Users\Khang\AppData\Local\Google\Chrome\User Data\Crashpad\settings.dat: Error (0x3B01) while retrieving error. (0x3)
[1219/033217.307:ERROR:file_io_win.cc(170)] CreateFile C:\Users\Khang\AppData\Local\Google\Chrome\User Data\Crashpad\reports\45fd9160-8cd0-4eeb-bbef-610ccb5d8da8.dmp: Error (0x3B01) while retrieving error. (0x3)
[1219/033217.307:ERROR:crash_report_exception_handler.cc(97)] PrepareNewCrashReport failed
[1219/033829.295:ERROR:crash_report_database_win.cc(469)] failed to stat report
[1219/034829.295:ERROR:crash_report_database_win.cc(469)] failed to stat report
[1219/034829.297:ERROR:crash_report_database_win.cc(469)] failed to stat report
[1219/124604.681:ERROR:crash_report_database_win.cc(469)] failed to stat report
[1219/125109.821:ERROR:process_memory_win.cc(73)] ReadMemory at 0x7ffda61f4ab0 of 45 bytes failed: Only part of a ReadProcessMemory or WriteProcessMemory request was completed. (0x12B)
[1219/125109.821:WARNING:pe_image_reader.cc(191)] could not read debug directory from C:\WINDOWS\System32\bcryptPrimitives.dll
[1219/125109.823:ERROR:process_memory_win.cc(73)] ReadMemory at 0x7ffda7f7c988 of 35 bytes failed: Only part of a ReadProcessMemory or WriteProcessMemory request was completed. (0x12B)
[1219/125109.823:WARNING:pe_image_reader.cc(191)] could not read debug directory from C:\WINDOWS\System32\WS2_32.dll
[1219/125109.824:ERROR:process_memory_win.cc(73)] ReadMemory at 0x7ffda75ba300 of 36 bytes failed: Only part of a ReadProcessMemory or WriteProcessMemory request was completed. (0x12B)
[1219/125109.824:WARNING:pe_image_reader.cc(191)] could not read debug directory from C:\WINDOWS\System32\clbcatq.dll
[1219/125109.824:ERROR:process_memory_win.cc(73)] ReadMemory at 0x7ffd9bd5e250 of 28 bytes failed: Only part of a ReadProcessMemory or WriteProcessMemory request was completed. (0x12B)
[1219/125109.824:WARNING:pe_image_reader.cc(171)] could not read data directory from C:\Windows\System32\InputHost.dll
[1219/125109.825:ERROR:process_memory_win.cc(73)] ReadMemory at 0x7ffda57af650 of 35 bytes failed: Only part of a ReadProcessMemory or WriteProcessMemory request was completed. (0x12B)
[1219/125109.825:WARNING:pe_image_reader.cc(191)] could not read debug directory from C:\WINDOWS\System32\DEVOBJ.dll
[1219/125109.825:ERROR:process_memory_win.cc(73)] ReadMemory at 0x7ffd9619c000 of 26 bytes failed: Only part of a ReadProcessMemory or WriteProcessMemory request was completed. (0x12B)
[1219/125109.825:WARNING:pe_image_reader.cc(191)] could not read debug directory from C:\Windows\System32\FWPolicyIOMgr.dll
[1219/125109.834:ERROR:process_memory_win.cc(73)] ReadMemory at 0x7ffd9c7a2040 of 92 bytes failed: Only part of a ReadProcessMemory or WriteProcessMemory request was completed. (0x12B)
[1219/125109.834:WARNING:pe_image_reader.cc(281)] could not read version info from C:\WINDOWS\SYSTEM32\OLEACC.dll
[1219/125109.840:ERROR:process_memory_win.cc(73)] ReadMemory at 0x7ffda61f4ab0 of 45 bytes failed: Only part of a ReadProcessMemory or WriteProcessMemory request was completed. (0x12B)
[1219/125109.840:WARNING:pe_image_reader.cc(191)] could not read debug directory from C:\WINDOWS\System32\bcryptPrimitives.dll
[1219/125109.841:ERROR:process_memory_win.cc(73)] ReadMemory at 0x7ffda7f7c988 of 35 bytes failed: Only part of a ReadProcessMemory or WriteProcessMemory request was completed. (0x12B)
[1219/125109.841:WARNING:pe_image_reader.cc(191)] could not read debug directory from C:\WINDOWS\System32\WS2_32.dll
[1219/125110.312:ERROR:file_io.cc(134)] WriteFile: The device is not ready. (0x15)
[1219/125110.312:ERROR:crash_report_exception_handler.cc(111)] WriteEverything failed
[1219/125110.313:ERROR:filesystem_win.cc(148)] DeleteFile C:\Users\Khang\AppData\Local\Google\Chrome\User Data\Crashpad\reports\f617745a-d4ee-4bdf-a8d9-eeaa30c1aa36.dmp: The system cannot find the path specified. (0x3)
[1219/131525.151:ERROR:crash_report_database_win.cc(469)] failed to stat report
[1219/132525.152:ERROR:crash_report_database_win.cc(469)] failed to stat report
[1219/132525.153:ERROR:crash_report_database_win.cc(469)] failed to stat report
[1219/133025.186:ERROR:crash_report_database_win.cc(469)] failed to stat report
[1219/134525.187:ERROR:crash_report_database_win.cc(469)] failed to stat report
[1219/140025.189:ERROR:crash_report_database_win.cc(469)] failed to stat report
[1219/141525.190:ERROR:crash_report_database_win.cc(469)] failed to stat report
[1219/143025.192:ERROR:crash_report_database_win.cc(469)] failed to stat report
[1219/144525.194:ERROR:crash_report_database_win.cc(469)] failed to stat report
[1219/150025.196:ERROR:crash_report_database_win.cc(469)] failed to stat report
[1219/151525.197:ERROR:crash_report_database_win.cc(469)] failed to stat report
[1219/153025.198:ERROR:crash_report_database_win.cc(469)] failed to stat report
[1219/154525.198:ERROR:crash_report_database_win.cc(469)] failed to stat report
[1219/160025.200:ERROR:crash_report_database_win.cc(469)] failed to stat report
[1219/161525.202:ERROR:crash_report_database_win.cc(469)] failed to stat report
[1219/163025.203:ERROR:crash_report_database_win.cc(469)] failed to stat report
[1219/164525.203:ERROR:crash_report_database_win.cc(469)] failed to stat report
[1219/170025.205:ERROR:crash_report_database_win.cc(469)] failed to stat report
[1219/171525.224:ERROR:crash_report_database_win.cc(469)] failed to stat report
[1219/184247.496:ERROR:crash_report_database_win.cc(469)] failed to stat report
[1219/185715.793:ERROR:crash_report_database_win.cc(469)] failed to stat report
[1220/195721.889:ERROR:crash_report_database_win.cc(469)] failed to stat report
[1220/195721.889:ERROR:crash_report_database_win.cc(469)] failed to stat report
[1220/195721.890:ERROR:crash_report_database_win.cc(469)] failed to stat report
[1220/195721.890:ERROR:crash_report_database_win.cc(469)] failed to stat report
